<?xml version="1.0" encoding="UTF-8"?>
<!-- Generated by org.testng.reporters.JUnitReportReporter -->
<testsuite hostname="Z422" failures="0" tests="9" name="com.restapi.testcase.TC04_PutEmpDetailTest" time="5.949" errors="0" timestamp="2022-11-20T02:19:30 IST" skipped="1">
  <testcase classname="com.restapi.testcase.TC04_PutEmpDetailTest" name="putEmployeeRecords" time="5.912"/>
  <system-out/>
  <testcase classname="com.restapi.testcase.TC04_PutEmpDetailTest" name="checkResponseBody" time="0.006"/>
  <system-out/>
  <testcase classname="com.restapi.testcase.TC04_PutEmpDetailTest" name="checkStatusCode" time="0.003"/>
  <system-out/>
  <testcase classname="com.restapi.testcase.TC04_PutEmpDetailTest" name="checkResponseTime" time="0.005"/>
  <system-out/>
  <testcase classname="com.restapi.testcase.TC04_PutEmpDetailTest" name="checkStatusLine" time="0.004"/>
  <system-out/>
  <testcase classname="com.restapi.testcase.TC04_PutEmpDetailTest" name="checkContentType" time="0.005"/>
  <system-out/>
  <testcase classname="com.restapi.testcase.TC04_PutEmpDetailTest" name="checkServer" time="0.005"/>
  <system-out/>
  <testcase classname="com.restapi.testcase.TC04_PutEmpDetailTest" name="checkContentLength" time="0.009"/>
  <system-out/>
  <testcase classname="com.restapi.testcase.TC04_PutEmpDetailTest" name="checkContentEncoding">
    <skipped/>
  </testcase> <!-- checkContentEncoding -->
  <system-out/>
</testsuite> <!-- com.restapi.testcase.TC04_PutEmpDetailTest -->
