<?xml version="1.0" encoding="UTF-8"?>
<!-- Generated by org.testng.reporters.JUnitReportReporter -->
<testsuite hostname="Z422" failures="0" tests="10" name="com.restapi.testcase.TC01_GetAllEmpTest" time="7.532" errors="0" timestamp="2022-11-20T02:19:30 IST" skipped="2">
  <testcase classname="com.restapi.testcase.TC01_GetAllEmpTest" name="getAllEmployees" time="7.399"/>
  <system-out/>
  <testcase classname="com.restapi.testcase.TC01_GetAllEmpTest" name="checkResponseBody" time="0.076"/>
  <system-out/>
  <testcase classname="com.restapi.testcase.TC01_GetAllEmpTest" name="checkStatusCode" time="0.007"/>
  <system-out/>
  <testcase classname="com.restapi.testcase.TC01_GetAllEmpTest" name="checkResponseTime" time="0.010"/>
  <system-out/>
  <testcase classname="com.restapi.testcase.TC01_GetAllEmpTest" name="checkStatusLine" time="0.018"/>
  <system-out/>
  <testcase classname="com.restapi.testcase.TC01_GetAllEmpTest" name="checkContentType" time="0.009"/>
  <system-out/>
  <testcase classname="com.restapi.testcase.TC01_GetAllEmpTest" name="checkServer" time="0.006"/>
  <system-out/>
  <testcase classname="com.restapi.testcase.TC01_GetAllEmpTest" name="checkContentEncoding" time="0.007"/>
  <system-out/>
  <testcase classname="com.restapi.testcase.TC01_GetAllEmpTest" name="checkCookie">
    <skipped/>
  </testcase> <!-- checkCookie -->
  <system-out/>
  <testcase classname="com.restapi.testcase.TC01_GetAllEmpTest" name="checkContentLength">
    <skipped/>
  </testcase> <!-- checkContentLength -->
  <system-out/>
</testsuite> <!-- com.restapi.testcase.TC01_GetAllEmpTest -->
