<?xml version="1.0" encoding="UTF-8"?>
<!-- Generated by org.testng.reporters.JUnitReportReporter -->
<testsuite hostname="Z422" failures="0" tests="12" name="com.restapi.testcase.TCAll_RestApi2" time="50.017" errors="0" timestamp="2022-11-25T00:23:21 IST" skipped="4">
  <testcase classname="com.restapi.testcase.TCAll_RestApi2" name="postNewEmpRecord" time="9.146"/>
  <system-out/>
  <testcase classname="com.restapi.testcase.TCAll_RestApi2" name="postNewEmpRecord" time="4.529"/>
  <system-out/>
  <testcase classname="com.restapi.testcase.TCAll_RestApi2" name="postNewEmpRecord" time="5.328"/>
  <system-out/>
  <testcase classname="com.restapi.testcase.TCAll_RestApi2" name="postNewEmpRecord" time="4.551"/>
  <system-out/>
  <testcase classname="com.restapi.testcase.TCAll_RestApi2" name="putEmpRecord" time="6.525"/>
  <system-out/>
  <testcase classname="com.restapi.testcase.TCAll_RestApi2" name="putEmpRecord" time="6.565"/>
  <system-out/>
  <testcase classname="com.restapi.testcase.TCAll_RestApi2" name="putEmpRecord" time="6.626"/>
  <system-out/>
  <testcase classname="com.restapi.testcase.TCAll_RestApi2" name="putEmpRecord" time="6.747"/>
  <system-out/>
  <testcase classname="com.restapi.testcase.TCAll_RestApi2" name="getSingleEmpRecordAfterPut">
    <skipped/>
  </testcase> <!-- getSingleEmpRecordAfterPut -->
  <system-out/>
  <testcase classname="com.restapi.testcase.TCAll_RestApi2" name="getSingleEmpRecordAfterPost">
    <skipped/>
  </testcase> <!-- getSingleEmpRecordAfterPost -->
  <system-out/>
  <testcase classname="com.restapi.testcase.TCAll_RestApi2" name="deleteEmpRecord">
    <skipped/>
  </testcase> <!-- deleteEmpRecord -->
  <system-out/>
  <testcase classname="com.restapi.testcase.TCAll_RestApi2" name="getAllEmpRecords">
    <skipped/>
  </testcase> <!-- getAllEmpRecords -->
  <system-out/>
</testsuite> <!-- com.restapi.testcase.TCAll_RestApi2 -->
