<?xml version="1.0" encoding="UTF-8"?>
<!-- Generated by org.testng.reporters.JUnitReportReporter -->
<testsuite hostname="Z422" failures="0" tests="5" name="com.restapi.testcase.TCAll_RestApi" time="37.447" errors="0" timestamp="2022-11-20T22:18:35 IST" skipped="0">
  <testcase classname="com.restapi.testcase.TCAll_RestApi" name="getAllEmpRecords" time="11.040"/>
  <system-out/>
  <testcase classname="com.restapi.testcase.TCAll_RestApi" name="postNewEmpRecord" time="6.767"/>
  <system-out/>
  <testcase classname="com.restapi.testcase.TCAll_RestApi" name="getSingleEmpRecord" time="6.563"/>
  <system-out/>
  <testcase classname="com.restapi.testcase.TCAll_RestApi" name="putEmpRecord" time="6.503"/>
  <system-out/>
  <testcase classname="com.restapi.testcase.TCAll_RestApi" name="deleteEmpRecord" time="6.574"/>
  <system-out/>
</testsuite> <!-- com.restapi.testcase.TCAll_RestApi -->
